This is XeTeX, Version 3.1415926-2.4-0.9998 (MiKTeX 2.9 64-bit) (preloaded format=xelatex 2013.7.23)  8 OCT 2013 23:32
entering extended mode
**Research_paper.tex

(C:\Users\Nissanka\Documents\Uni\3rd_pro\Project_Autonomous_Go_Kart\Mariokart2\Submissions\Research_paper\paper\Research
_paper.tex
LaTeX2e <2011/06/27>
Babel <v3.8m> and hyphenation patterns for english, afrikaans, ancientgreek, arabic, armenian, assamese, basque, bengali
, bokmal, bulgarian, catalan, coptic, croatian, czech, danish, dutch, esperanto, estonian, farsi, finnish, french, galic
ian, german, german-x-2012-05-30, greek, gujarati, hindi, hungarian, icelandic, indonesian, interlingua, irish, italian,
 kannada, kurmanji, latin, latvian, lithuanian, malayalam, marathi, mongolian, mongolianlmc, monogreek, ngerman, ngerman
-x-2012-05-30, nynorsk, oriya, panjabi, pinyin, polish, portuguese, romanian, russian, sanskrit, serbian, slovak, sloven
ian, spanish, swedish, swissgerman, tamil, telugu, turkish, turkmen, ukenglish, ukrainian, uppersorbian, usenglishmax, w
elsh, loaded.

(C:\Users\Nissanka\Documents\Uni\3rd_pro\Project_Autonomous_Go_Kart\Mariokart2\Submissions\Research_paper\paper\ENZCon.c
ls
Document Class: ENZCon 2001/04/21 v1.4e Standard LaTeX document class
("C:\Program Files\MiKTeX 2.9\tex\latex\tools\tabularx.sty"
Package: tabularx 1999/01/07 v2.07 `tabularx' package (DPC)
 ("C:\Program Files\MiKTeX 2.9\tex\latex\tools\array.sty"
Package: array 2008/09/09 v2.4c Tabular extension package (FMi)
\col@sep=\dimen102
\extrarowheight=\dimen103
\NC@list=\toks14
\extratabsurround=\skip41
\backup@length=\skip42
)
\TX@col@width=\dimen104
\TX@old@table=\dimen105
\TX@old@col=\dimen106
\TX@target=\dimen107
\TX@delta=\dimen108
\TX@cols=\count80
\TX@ftn=\toks15
)
("C:\Program Files\MiKTeX 2.9\tex\latex\base\size10.clo"
File: size10.clo 2007/10/19 v1.4h Standard LaTeX file (size option)
)
\@Leftmargin=\dimen109
\@Rightmargin=\dimen110
\@Topmargin=\dimen111
\@Bottommargin=\dimen112
\c@@inst=\count81
\c@part=\count82
\c@section=\count83
\c@subsection=\count84
\c@subsubsection=\count85
\c@paragraph=\count86
\c@subparagraph=\count87
\c@figure=\count88
\c@table=\count89
\abovecaptionskip=\skip43
\belowcaptionskip=\skip44
\bibindent=\dimen113
) ("C:\Program Files\MiKTeX 2.9\tex\latex\graphics\graphicx.sty"
Package: graphicx 1999/02/16 v1.0f Enhanced LaTeX Graphics (DPC,SPQR)
 ("C:\Program Files\MiKTeX 2.9\tex\latex\graphics\keyval.sty"
Package: keyval 1999/03/16 v1.13 key=value parser (DPC)
\KV@toks@=\toks16
)
("C:\Program Files\MiKTeX 2.9\tex\latex\graphics\graphics.sty"
Package: graphics 2009/02/05 v1.0o Standard LaTeX Graphics (DPC,SPQR)
 ("C:\Program Files\MiKTeX 2.9\tex\latex\graphics\trig.sty"
Package: trig 1999/03/16 v1.09 sin cos tan (DPC)
) ("C:\Program Files\MiKTeX 2.9\tex\latex\00miktex\graphics.cfg"
File: graphics.cfg 2007/01/18 v1.5 graphics configuration of teTeX/TeXLive
)
Package graphics Info: Driver file: xetex.def on input line 91.

("C:\Program Files\MiKTeX 2.9\tex\xelatex\xetex-def\xetex.def"
File: xetex.def 2013/04/29 v0.96 LaTeX color/graphics driver for XeTeX (RRM/JK)
))
\Gin@req@height=\dimen114
\Gin@req@width=\dimen115
)
(C:\Users\Nissanka\Documents\Uni\3rd_pro\Project_Autonomous_Go_Kart\Mariokart2\Submissions\Research_paper\paper\Research
_paper.aux)
LaTeX Font Info:    Checking defaults for OML/cmm/m/it on input line 5.
LaTeX Font Info:    ... okay on input line 5.
LaTeX Font Info:    Checking defaults for T1/cmr/m/n on input line 5.
LaTeX Font Info:    ... okay on input line 5.
LaTeX Font Info:    Checking defaults for OT1/cmr/m/n on input line 5.
LaTeX Font Info:    ... okay on input line 5.
LaTeX Font Info:    Checking defaults for OMS/cmsy/m/n on input line 5.
LaTeX Font Info:    ... okay on input line 5.
LaTeX Font Info:    Checking defaults for OMX/cmex/m/n on input line 5.
LaTeX Font Info:    ... okay on input line 5.
LaTeX Font Info:    Checking defaults for U/cmr/m/n on input line 5.
LaTeX Font Info:    ... okay on input line 5.
LaTeX Font Info:    Try loading font information for OT1+ptm on input line 5.
 ("C:\Program Files\MiKTeX 2.9\tex\latex\psnfss\ot1ptm.fd"
File: ot1ptm.fd 2001/06/04 font definitions for OT1/ptm.
)
LaTeX Font Info:    External font `cmex10' loaded for size
(Font)              <12> on input line 22.
LaTeX Font Info:    External font `cmex10' loaded for size
(Font)              <8> on input line 22.
LaTeX Font Info:    External font `cmex10' loaded for size
(Font)              <6> on input line 22.
 [1


]
File: C:/Users/Nissanka/Desktop/Picture1.png Graphic file (type QTm)

<use  "C:/Users/Nissanka/Desktop/Picture1.png" >
File: C:/Users/Nissanka/Documents/Uni/3rd_pro/Project_Autonomous_Go_Kart/Mariokart2/Submissions/Research_paper/whole_2.J
PG Graphic file (type QTm)

<use  "C:/Users/Nissanka/Documents/Uni/3rd_pro/Project_Autonomous_Go_Kart/Mariokart2/Submissions/Research_paper/whole_2.
JPG" > [2]
Underfull \hbox (badness 10000) in paragraph at lines 106--106
\OT1/ptm/m/n/10 be-tween go-kart and
 []


Underfull \hbox (badness 2426) in paragraph at lines 106--106
\OT1/ptm/m/n/10 bench setup in-ves-ti-gated
 []


Underfull \hbox (badness 10000) in paragraph at lines 106--106
\OT1/ptm/m/n/10 and elim-i-nated - used
 []


Underfull \hbox (badness 10000) in paragraph at lines 106--106
\OT1/ptm/m/n/10 dif-fer-ent bench power
 []


Underfull \hbox (badness 2302) in paragraph at lines 106--107
[]|\OT1/ptm/m/n/10 Cycling only the ac-tu-a-
 []


Underfull \hbox (badness 7777) in paragraph at lines 106--107
\OT1/ptm/m/n/10 com-plete fully. This
 []


Underfull \hbox (badness 2042) in paragraph at lines 108--108
\OT1/ptm/m/n/10 the steer-ing PCB to its
 []


Underfull \hbox (badness 1189) in paragraph at lines 108--108
\OT1/ptm/m/n/10 ev-i-dent that these PWM
 []


Underfull \hbox (badness 3514) in paragraph at lines 108--108
\OT1/ptm/m/n/10 sig-nals ($\OML/cmm/m/it/10 IN\OT1/cmr/m/n/10 1$ \OT1/ptm/m/n/10 and $\OML/cmm/m/it/10 IN\OT1/cmr/m/n/10
 2$
 []


Underfull \hbox (badness 10000) in paragraph at lines 110--110
\OT1/ptm/m/n/10 loose/incorrect con-nec-
 []


Underfull \hbox (badness 10000) in paragraph at lines 112--112
[]|\OT1/ptm/m/n/10 Motor driver board
 []


Underfull \hbox (badness 10000) in paragraph at lines 112--112
\OT1/ptm/m/n/10 and steer-ing ac-tu-a-tor
 []


Underfull \hbox (badness 10000) in paragraph at lines 112--112
\OT1/ptm/m/n/10 datasheets checked for
 []


Underfull \hbox (badness 4967) in paragraph at lines 112--113
\OT1/ptm/m/n/10 nec-tions. AGND had
 []


Underfull \hbox (badness 5105) in paragraph at lines 112--113
\OT1/ptm/m/n/10 ground on the steer-ing
 []


Overfull \hbox (6.1378pt too wide) in paragraph at lines 102--115
 [][] 
 []

File: C:/Users/Nissanka/Desktop/Capture.JPG Graphic file (type QTm)
<use  "C:/Users/Nissanka/Desktop/Capture.JPG" > [3]
Underfull \hbox (badness 1168) in paragraph at lines 149--150
[]\OT1/ptm/m/n/10 In terms of the limit switch con-nec-tion, re-plac-ing
 []


Underfull \hbox (badness 10000) in paragraph at lines 159--159
[]|\OT1/ptm/m/n/10 Attempted to sim-ply
 []


Underfull \hbox (badness 10000) in paragraph at lines 159--159
\OT1/ptm/m/n/10 iso-late in-volved hard-
 []


Underfull \hbox (badness 3460) in paragraph at lines 159--159
\OT1/ptm/m/n/10 sys-tem leav-ing out one
 []


Underfull \hbox (badness 10000) in paragraph at lines 159--159
\OT1/ptm/m/n/10 CAN-Bus mod-ule at a
 []


Underfull \hbox (badness 10000) in paragraph at lines 159--160
[]|\OT1/ptm/m/n/10 System func-tioned cor-
 []


Underfull \hbox (badness 1281) in paragraph at lines 161--161
\OT1/ptm/m/n/10 There-fore used char-ac-ter
 []


Underfull \hbox (badness 10000) in paragraph at lines 161--162
[]|\OT1/ptm/m/n/10 Communications board
 []


Underfull \hbox (badness 1655) in paragraph at lines 161--162
\OT1/ptm/m/n/10 found to be ping-ing all
 []


Underfull \hbox (badness 10000) in paragraph at lines 163--163
[]|\OT1/ptm/m/n/10 Communications re-
 []


Underfull \hbox (badness 2134) in paragraph at lines 163--163
\OT1/ptm/m/n/10 duc-tion: mes-sages only
 []


Underfull \hbox (badness 3724) in paragraph at lines 163--164
[]|\OT1/ptm/m/n/10 Problem not caused by
 []


Underfull \hbox (badness 10000) in paragraph at lines 163--164
\OT1/ptm/m/n/10 API com-mu-ni-ca-tion to
 []


Underfull \hbox (badness 10000) in paragraph at lines 165--165
[]|\OT1/ptm/m/n/10 Further com-mu-ni-ca-tions
 []


Underfull \hbox (badness 2671) in paragraph at lines 165--165
\OT1/ptm/m/n/10 Bus net-work ping from
 []


Underfull \hbox (badness 10000) in paragraph at lines 165--165
\OT1/ptm/m/n/10 com-mu-ni-ca-tions board
 []


Underfull \hbox (badness 10000) in paragraph at lines 165--165
\OT1/ptm/m/n/10 Cal-i-bra-tion hand-shak-ing
 []


Underfull \hbox (badness 3323) in paragraph at lines 165--165
\OT1/ptm/m/n/10 still re-quired to con-trol
 []


Underfull \hbox (badness 1571) in paragraph at lines 165--166
\OT1/ptm/m/n/10 with no com-mu-ni-ca-tions
 []


Underfull \hbox (badness 1062) in paragraph at lines 165--166
\OT1/ptm/m/n/10 one digit - not soft-ware
 []


Underfull \hbox (badness 10000) in paragraph at lines 167--167
[]|\OT1/ptm/m/n/10 Systematically re-move
 []


Underfull \hbox (badness 10000) in paragraph at lines 167--167
\OT1/ptm/m/n/10 hard-ware con-nec-tions
 []


Underfull \hbox (badness 10000) in paragraph at lines 167--167
\OT1/ptm/m/n/10 steer-ing board af-ter
 []


Underfull \hbox (badness 2080) in paragraph at lines 167--167
\OT1/ptm/m/n/10 cal-i-bra-tion ex-cept CAN-
 []


Underfull \hbox (badness 10000) in paragraph at lines 167--168
[]|\OT1/ptm/m/n/10 Disconnecting steer-ing
 []


Underfull \hbox (badness 3333) in paragraph at lines 167--168
\OT1/ptm/m/n/10 limit switch ca-ble af-ter
 []


Underfull \hbox (badness 7433) in paragraph at lines 167--168
\OT1/ptm/m/n/10 to be con-trolled while
 []


Overfull \hbox (6.1378pt too wide) in paragraph at lines 155--170
 [][] 
 []

File: C:/Users/Nissanka/Documents/Uni/3rd_pro/Project_Autonomous_Go_Kart/Mariokart2/Submissions/Research_paper/lim_sw.jp
g Graphic file (type QTm)

<use  "C:/Users/Nissanka/Documents/Uni/3rd_pro/Project_Autonomous_Go_Kart/Mariokart2/Submissions/Research_paper/lim_sw.j
pg" > [4]
Underfull \hbox (badness 2012) in paragraph at lines 188--189
[]\OT1/ptm/m/n/10 This progress was only one por-tion of the work
 []


(C:\Users\Nissanka\Documents\Uni\3rd_pro\Project_Autonomous_Go_Kart\Mariokart2\Submissions\Research_paper\paper\Research
_paper.bbl
Underfull \hbox (badness 1152) in paragraph at lines 24--26
[]\OT1/ptm/m/n/10 S. Ball, \OT1/ptm/m/it/10 Em-bed-ded mi-cro-pro-ces-sor sys-tems: real
 []

) [5]
(C:\Users\Nissanka\Documents\Uni\3rd_pro\Project_Autonomous_Go_Kart\Mariokart2\Submissions\Research_paper\paper\Research
_paper.aux) ) 
Here is how much of TeX's memory you used:
 747 strings out of 429035
 9177 string characters out of 3167909
 64212 words of memory out of 3000000
 4033 multiletter control sequences out of 15000+200000
 9610 words of font info for 29 fonts, out of 3000000 for 9000
 912 hyphenation exceptions out of 8191
 27i,11n,20p,1134b,376s stack positions out of 5000i,500n,10000p,200000b,50000s

Output written on Research_paper.pdf (5 pages).
